CRITICAL - 2023-09-17 23:53:35 --> Undefined variable $product
in APPPATH\Views\product.php on line 16.
 1 APPPATH\Views\product.php(16): CodeIgniter\Debug\Exceptions->errorHandler(2, 'Undefined variable $product', 'D:\\laragon\\www\\ITC311_Test\\app\\Views\\product.php', 16)
 2 SYSTEMPATH\View\View.php(226): include('D:\\laragon\\www\\ITC311_Test\\app\\Views\\product.php')
 3 SYSTEMPATH\View\View.php(229): CodeIgniter\View\View->CodeIgniter\View\{closure}()
 4 SYSTEMPATH\Common.php(1188): CodeIgniter\View\View->render('product', [], true)
 5 APPPATH\Controllers\ProductController.php(18): view('product')
 6 SYSTEMPATH\CodeIgniter.php(919): App\Controllers\ProductController->product()
 7 SYSTEMPATH\CodeIgniter.php(494): CodeIgniter\CodeIgniter->runController(Object(App\Controllers\ProductController))
 8 SYSTEMPATH\CodeIgniter.php(353): CodeIgniter\CodeIgniter->handleRequest(null, Object(Config\Cache), false)
 9 FCPATH\index.php(79): CodeIgniter\CodeIgniter->run()
10 SYSTEMPATH\Commands\Server\rewrite.php(47): require_once('D:\\laragon\\www\\ITC311_Test\\public\\index.php')
CRITICAL - 2023-09-17 23:54:12 --> Undefined variable $products
in APPPATH\Views\product.php on line 16.
 1 APPPATH\Views\product.php(16): CodeIgniter\Debug\Exceptions->errorHandler(2, 'Undefined variable $products', 'D:\\laragon\\www\\ITC311_Test\\app\\Views\\product.php', 16)
 2 SYSTEMPATH\View\View.php(226): include('D:\\laragon\\www\\ITC311_Test\\app\\Views\\product.php')
 3 SYSTEMPATH\View\View.php(229): CodeIgniter\View\View->CodeIgniter\View\{closure}()
 4 SYSTEMPATH\Common.php(1188): CodeIgniter\View\View->render('product', [], true)
 5 APPPATH\Controllers\ProductController.php(18): view('product')
 6 SYSTEMPATH\CodeIgniter.php(919): App\Controllers\ProductController->product()
 7 SYSTEMPATH\CodeIgniter.php(494): CodeIgniter\CodeIgniter->runController(Object(App\Controllers\ProductController))
 8 SYSTEMPATH\CodeIgniter.php(353): CodeIgniter\CodeIgniter->handleRequest(null, Object(Config\Cache), false)
 9 FCPATH\index.php(79): CodeIgniter\CodeIgniter->run()
10 SYSTEMPATH\Commands\Server\rewrite.php(47): require_once('D:\\laragon\\www\\ITC311_Test\\public\\index.php')
CRITICAL - 2023-09-17 23:56:24 --> Undefined property: App\Controllers\ProductController::$product
in APPPATH\Controllers\ProductController.php on line 17.
 1 APPPATH\Controllers\ProductController.php(17): CodeIgniter\Debug\Exceptions->errorHandler(2, 'Undefined property: App\\Controllers\\ProductController::$product', 'D:\\laragon\\www\\ITC311_Test\\app\\Controllers\\ProductController.php', 17)
 2 SYSTEMPATH\CodeIgniter.php(919): App\Controllers\ProductController->product()
 3 SYSTEMPATH\CodeIgniter.php(494): CodeIgniter\CodeIgniter->runController(Object(App\Controllers\ProductController))
 4 SYSTEMPATH\CodeIgniter.php(353): CodeIgniter\CodeIgniter->handleRequest(null, Object(Config\Cache), false)
 5 FCPATH\index.php(79): CodeIgniter\CodeIgniter->run()
 6 SYSTEMPATH\Commands\Server\rewrite.php(47): require_once('D:\\laragon\\www\\ITC311_Test\\public\\index.php')
CRITICAL - 2023-09-17 23:56:44 --> Undefined variable $producto
in APPPATH\Views\product.php on line 16.
 1 APPPATH\Views\product.php(16): CodeIgniter\Debug\Exceptions->errorHandler(2, 'Undefined variable $producto', 'D:\\laragon\\www\\ITC311_Test\\app\\Views\\product.php', 16)
 2 SYSTEMPATH\View\View.php(226): include('D:\\laragon\\www\\ITC311_Test\\app\\Views\\product.php')
 3 SYSTEMPATH\View\View.php(229): CodeIgniter\View\View->CodeIgniter\View\{closure}()
 4 SYSTEMPATH\Common.php(1188): CodeIgniter\View\View->render('product', [], true)
 5 APPPATH\Controllers\ProductController.php(18): view('product')
 6 SYSTEMPATH\CodeIgniter.php(919): App\Controllers\ProductController->product()
 7 SYSTEMPATH\CodeIgniter.php(494): CodeIgniter\CodeIgniter->runController(Object(App\Controllers\ProductController))
 8 SYSTEMPATH\CodeIgniter.php(353): CodeIgniter\CodeIgniter->handleRequest(null, Object(Config\Cache), false)
 9 FCPATH\index.php(79): CodeIgniter\CodeIgniter->run()
10 SYSTEMPATH\Commands\Server\rewrite.php(47): require_once('D:\\laragon\\www\\ITC311_Test\\public\\index.php')
CRITICAL - 2023-09-17 23:57:00 --> Undefined variable $product
in APPPATH\Views\product.php on line 16.
 1 APPPATH\Views\product.php(16): CodeIgniter\Debug\Exceptions->errorHandler(2, 'Undefined variable $product', 'D:\\laragon\\www\\ITC311_Test\\app\\Views\\product.php', 16)
 2 SYSTEMPATH\View\View.php(226): include('D:\\laragon\\www\\ITC311_Test\\app\\Views\\product.php')
 3 SYSTEMPATH\View\View.php(229): CodeIgniter\View\View->CodeIgniter\View\{closure}()
 4 SYSTEMPATH\Common.php(1188): CodeIgniter\View\View->render('product', [], true)
 5 APPPATH\Controllers\ProductController.php(18): view('product')
 6 SYSTEMPATH\CodeIgniter.php(919): App\Controllers\ProductController->product()
 7 SYSTEMPATH\CodeIgniter.php(494): CodeIgniter\CodeIgniter->runController(Object(App\Controllers\ProductController))
 8 SYSTEMPATH\CodeIgniter.php(353): CodeIgniter\CodeIgniter->handleRequest(null, Object(Config\Cache), false)
 9 FCPATH\index.php(79): CodeIgniter\CodeIgniter->run()
10 SYSTEMPATH\Commands\Server\rewrite.php(47): require_once('D:\\laragon\\www\\ITC311_Test\\public\\index.php')
CRITICAL - 2023-09-17 23:57:47 --> Undefined variable $producto
in APPPATH\Views\product.php on line 16.
 1 APPPATH\Views\product.php(16): CodeIgniter\Debug\Exceptions->errorHandler(2, 'Undefined variable $producto', 'D:\\laragon\\www\\ITC311_Test\\app\\Views\\product.php', 16)
 2 SYSTEMPATH\View\View.php(226): include('D:\\laragon\\www\\ITC311_Test\\app\\Views\\product.php')
 3 SYSTEMPATH\View\View.php(229): CodeIgniter\View\View->CodeIgniter\View\{closure}()
 4 SYSTEMPATH\Common.php(1188): CodeIgniter\View\View->render('product', [], true)
 5 APPPATH\Controllers\ProductController.php(18): view('product')
 6 SYSTEMPATH\CodeIgniter.php(919): App\Controllers\ProductController->product()
 7 SYSTEMPATH\CodeIgniter.php(494): CodeIgniter\CodeIgniter->runController(Object(App\Controllers\ProductController))
 8 SYSTEMPATH\CodeIgniter.php(353): CodeIgniter\CodeIgniter->handleRequest(null, Object(Config\Cache), false)
 9 FCPATH\index.php(79): CodeIgniter\CodeIgniter->run()
10 SYSTEMPATH\Commands\Server\rewrite.php(47): require_once('D:\\laragon\\www\\ITC311_Test\\public\\index.php')
CRITICAL - 2023-09-17 23:58:06 --> Undefined variable $producto
in APPPATH\Views\product.php on line 16.
 1 APPPATH\Views\product.php(16): CodeIgniter\Debug\Exceptions->errorHandler(2, 'Undefined variable $producto', 'D:\\laragon\\www\\ITC311_Test\\app\\Views\\product.php', 16)
 2 SYSTEMPATH\View\View.php(226): include('D:\\laragon\\www\\ITC311_Test\\app\\Views\\product.php')
 3 SYSTEMPATH\View\View.php(229): CodeIgniter\View\View->CodeIgniter\View\{closure}()
 4 SYSTEMPATH\Common.php(1188): CodeIgniter\View\View->render('product', [], true)
 5 APPPATH\Controllers\ProductController.php(18): view('product')
 6 SYSTEMPATH\CodeIgniter.php(919): App\Controllers\ProductController->product()
 7 SYSTEMPATH\CodeIgniter.php(494): CodeIgniter\CodeIgniter->runController(Object(App\Controllers\ProductController))
 8 SYSTEMPATH\CodeIgniter.php(353): CodeIgniter\CodeIgniter->handleRequest(null, Object(Config\Cache), false)
 9 FCPATH\index.php(79): CodeIgniter\CodeIgniter->run()
10 SYSTEMPATH\Commands\Server\rewrite.php(47): require_once('D:\\laragon\\www\\ITC311_Test\\public\\index.php')
