CRITICAL - 2023-09-18 00:06:48 --> Invalid file: "producto.php"
in SYSTEMPATH\Exceptions\FrameworkException.php on line 39.
 1 SYSTEMPATH\View\View.php(214): CodeIgniter\Exceptions\FrameworkException::forInvalidFile('producto.php')
 2 SYSTEMPATH\Common.php(1188): CodeIgniter\View\View->render('producto', [], true)
 3 APPPATH\Controllers\ProductController.php(18): view('producto')
 4 SYSTEMPATH\CodeIgniter.php(919): App\Controllers\ProductController->product()
 5 SYSTEMPATH\CodeIgniter.php(494): CodeIgniter\CodeIgniter->runController(Object(App\Controllers\ProductController))
 6 SYSTEMPATH\CodeIgniter.php(353): CodeIgniter\CodeIgniter->handleRequest(null, Object(Config\Cache), false)
 7 FCPATH\index.php(79): CodeIgniter\CodeIgniter->run()
 8 SYSTEMPATH\Commands\Server\rewrite.php(47): require_once('D:\\laragon\\www\\ITC311_Test\\public\\index.php')
CRITICAL - 2023-09-18 00:09:21 --> Undefined variable $producto
in APPPATH\Views\product.php on line 16.
 1 APPPATH\Views\product.php(16): CodeIgniter\Debug\Exceptions->errorHandler(2, 'Undefined variable $producto', 'D:\\laragon\\www\\ITC311_Test\\app\\Views\\product.php', 16)
 2 SYSTEMPATH\View\View.php(226): include('D:\\laragon\\www\\ITC311_Test\\app\\Views\\product.php')
 3 SYSTEMPATH\View\View.php(229): CodeIgniter\View\View->CodeIgniter\View\{closure}()
 4 SYSTEMPATH\Common.php(1188): CodeIgniter\View\View->render('product', [], true)
 5 APPPATH\Controllers\ProductController.php(18): view('product')
 6 SYSTEMPATH\CodeIgniter.php(919): App\Controllers\ProductController->product()
 7 SYSTEMPATH\CodeIgniter.php(494): CodeIgniter\CodeIgniter->runController(Object(App\Controllers\ProductController))
 8 SYSTEMPATH\CodeIgniter.php(353): CodeIgniter\CodeIgniter->handleRequest(null, Object(Config\Cache), false)
 9 FCPATH\index.php(79): CodeIgniter\CodeIgniter->run()
10 SYSTEMPATH\Commands\Server\rewrite.php(47): require_once('D:\\laragon\\www\\ITC311_Test\\public\\index.php')
CRITICAL - 2023-09-18 00:09:38 --> Invalid file: "producto.php"
in SYSTEMPATH\Exceptions\FrameworkException.php on line 39.
 1 SYSTEMPATH\View\View.php(214): CodeIgniter\Exceptions\FrameworkException::forInvalidFile('producto.php')
 2 SYSTEMPATH\Common.php(1188): CodeIgniter\View\View->render('producto', [], true)
 3 APPPATH\Controllers\ProductController.php(18): view('producto')
 4 SYSTEMPATH\CodeIgniter.php(919): App\Controllers\ProductController->product()
 5 SYSTEMPATH\CodeIgniter.php(494): CodeIgniter\CodeIgniter->runController(Object(App\Controllers\ProductController))
 6 SYSTEMPATH\CodeIgniter.php(353): CodeIgniter\CodeIgniter->handleRequest(null, Object(Config\Cache), false)
 7 FCPATH\index.php(79): CodeIgniter\CodeIgniter->run()
 8 SYSTEMPATH\Commands\Server\rewrite.php(47): require_once('D:\\laragon\\www\\ITC311_Test\\public\\index.php')
CRITICAL - 2023-09-18 00:10:38 --> Invalid file: "producto.php"
in SYSTEMPATH\Exceptions\FrameworkException.php on line 39.
 1 SYSTEMPATH\View\View.php(214): CodeIgniter\Exceptions\FrameworkException::forInvalidFile('producto.php')
 2 SYSTEMPATH\Common.php(1188): CodeIgniter\View\View->render('producto', [], true)
 3 APPPATH\Controllers\ProductController.php(18): view('producto')
 4 SYSTEMPATH\CodeIgniter.php(919): App\Controllers\ProductController->product()
 5 SYSTEMPATH\CodeIgniter.php(494): CodeIgniter\CodeIgniter->runController(Object(App\Controllers\ProductController))
 6 SYSTEMPATH\CodeIgniter.php(353): CodeIgniter\CodeIgniter->handleRequest(null, Object(Config\Cache), false)
 7 FCPATH\index.php(79): CodeIgniter\CodeIgniter->run()
 8 SYSTEMPATH\Commands\Server\rewrite.php(47): require_once('D:\\laragon\\www\\ITC311_Test\\public\\index.php')
CRITICAL - 2023-09-18 00:11:02 --> Invalid file: "producto.php"
in SYSTEMPATH\Exceptions\FrameworkException.php on line 39.
 1 SYSTEMPATH\View\View.php(214): CodeIgniter\Exceptions\FrameworkException::forInvalidFile('producto.php')
 2 SYSTEMPATH\Common.php(1188): CodeIgniter\View\View->render('producto', [], true)
 3 APPPATH\Controllers\ProductController.php(18): view('producto')
 4 SYSTEMPATH\CodeIgniter.php(919): App\Controllers\ProductController->product()
 5 SYSTEMPATH\CodeIgniter.php(494): CodeIgniter\CodeIgniter->runController(Object(App\Controllers\ProductController))
 6 SYSTEMPATH\CodeIgniter.php(353): CodeIgniter\CodeIgniter->handleRequest(null, Object(Config\Cache), false)
 7 FCPATH\index.php(79): CodeIgniter\CodeIgniter->run()
 8 SYSTEMPATH\Commands\Server\rewrite.php(47): require_once('D:\\laragon\\www\\ITC311_Test\\public\\index.php')
CRITICAL - 2023-09-18 00:11:22 --> Undefined variable $product
in APPPATH\Views\product.php on line 16.
 1 APPPATH\Views\product.php(16): CodeIgniter\Debug\Exceptions->errorHandler(2, 'Undefined variable $product', 'D:\\laragon\\www\\ITC311_Test\\app\\Views\\product.php', 16)
 2 SYSTEMPATH\View\View.php(226): include('D:\\laragon\\www\\ITC311_Test\\app\\Views\\product.php')
 3 SYSTEMPATH\View\View.php(229): CodeIgniter\View\View->CodeIgniter\View\{closure}()
 4 SYSTEMPATH\Common.php(1188): CodeIgniter\View\View->render('product', [], true)
 5 APPPATH\Controllers\ProductController.php(18): view('product')
 6 SYSTEMPATH\CodeIgniter.php(919): App\Controllers\ProductController->product()
 7 SYSTEMPATH\CodeIgniter.php(494): CodeIgniter\CodeIgniter->runController(Object(App\Controllers\ProductController))
 8 SYSTEMPATH\CodeIgniter.php(353): CodeIgniter\CodeIgniter->handleRequest(null, Object(Config\Cache), false)
 9 FCPATH\index.php(79): CodeIgniter\CodeIgniter->run()
10 SYSTEMPATH\Commands\Server\rewrite.php(47): require_once('D:\\laragon\\www\\ITC311_Test\\public\\index.php')
CRITICAL - 2023-09-18 00:11:31 --> Undefined variable $producto
in APPPATH\Views\product.php on line 16.
 1 APPPATH\Views\product.php(16): CodeIgniter\Debug\Exceptions->errorHandler(2, 'Undefined variable $producto', 'D:\\laragon\\www\\ITC311_Test\\app\\Views\\product.php', 16)
 2 SYSTEMPATH\View\View.php(226): include('D:\\laragon\\www\\ITC311_Test\\app\\Views\\product.php')
 3 SYSTEMPATH\View\View.php(229): CodeIgniter\View\View->CodeIgniter\View\{closure}()
 4 SYSTEMPATH\Common.php(1188): CodeIgniter\View\View->render('product', [], true)
 5 APPPATH\Controllers\ProductController.php(18): view('product')
 6 SYSTEMPATH\CodeIgniter.php(919): App\Controllers\ProductController->product()
 7 SYSTEMPATH\CodeIgniter.php(494): CodeIgniter\CodeIgniter->runController(Object(App\Controllers\ProductController))
 8 SYSTEMPATH\CodeIgniter.php(353): CodeIgniter\CodeIgniter->handleRequest(null, Object(Config\Cache), false)
 9 FCPATH\index.php(79): CodeIgniter\CodeIgniter->run()
10 SYSTEMPATH\Commands\Server\rewrite.php(47): require_once('D:\\laragon\\www\\ITC311_Test\\public\\index.php')
CRITICAL - 2023-09-18 00:11:52 --> Undefined variable $producto
in APPPATH\Views\product.php on line 16.
 1 APPPATH\Views\product.php(16): CodeIgniter\Debug\Exceptions->errorHandler(2, 'Undefined variable $producto', 'D:\\laragon\\www\\ITC311_Test\\app\\Views\\product.php', 16)
 2 SYSTEMPATH\View\View.php(226): include('D:\\laragon\\www\\ITC311_Test\\app\\Views\\product.php')
 3 SYSTEMPATH\View\View.php(229): CodeIgniter\View\View->CodeIgniter\View\{closure}()
 4 SYSTEMPATH\Common.php(1188): CodeIgniter\View\View->render('product', [], true)
 5 APPPATH\Controllers\ProductController.php(18): view('product')
 6 SYSTEMPATH\CodeIgniter.php(919): App\Controllers\ProductController->product()
 7 SYSTEMPATH\CodeIgniter.php(494): CodeIgniter\CodeIgniter->runController(Object(App\Controllers\ProductController))
 8 SYSTEMPATH\CodeIgniter.php(353): CodeIgniter\CodeIgniter->handleRequest(null, Object(Config\Cache), false)
 9 FCPATH\index.php(79): CodeIgniter\CodeIgniter->run()
10 SYSTEMPATH\Commands\Server\rewrite.php(47): require_once('D:\\laragon\\www\\ITC311_Test\\public\\index.php')
CRITICAL - 2023-09-18 00:12:28 --> Undefined variable $producto
in APPPATH\Views\product.php on line 16.
 1 APPPATH\Views\product.php(16): CodeIgniter\Debug\Exceptions->errorHandler(2, 'Undefined variable $producto', 'D:\\laragon\\www\\ITC311_Test\\app\\Views\\product.php', 16)
 2 SYSTEMPATH\View\View.php(226): include('D:\\laragon\\www\\ITC311_Test\\app\\Views\\product.php')
 3 SYSTEMPATH\View\View.php(229): CodeIgniter\View\View->CodeIgniter\View\{closure}()
 4 SYSTEMPATH\Common.php(1188): CodeIgniter\View\View->render('product', [], true)
 5 APPPATH\Controllers\ProductController.php(18): view('product')
 6 SYSTEMPATH\CodeIgniter.php(919): App\Controllers\ProductController->product()
 7 SYSTEMPATH\CodeIgniter.php(494): CodeIgniter\CodeIgniter->runController(Object(App\Controllers\ProductController))
 8 SYSTEMPATH\CodeIgniter.php(353): CodeIgniter\CodeIgniter->handleRequest(null, Object(Config\Cache), false)
 9 FCPATH\index.php(79): CodeIgniter\CodeIgniter->run()
10 SYSTEMPATH\Commands\Server\rewrite.php(47): require_once('D:\\laragon\\www\\ITC311_Test\\public\\index.php')
CRITICAL - 2023-09-18 00:15:19 --> Undefined variable $producto
in APPPATH\Views\product.php on line 16.
 1 APPPATH\Views\product.php(16): CodeIgniter\Debug\Exceptions->errorHandler(2, 'Undefined variable $producto', 'D:\\laragon\\www\\ITC311_Test\\app\\Views\\product.php', 16)
 2 SYSTEMPATH\View\View.php(226): include('D:\\laragon\\www\\ITC311_Test\\app\\Views\\product.php')
 3 SYSTEMPATH\View\View.php(229): CodeIgniter\View\View->CodeIgniter\View\{closure}()
 4 SYSTEMPATH\Common.php(1188): CodeIgniter\View\View->render('product', [], true)
 5 APPPATH\Controllers\ProductController.php(18): view('product', [...])
 6 SYSTEMPATH\CodeIgniter.php(919): App\Controllers\ProductController->product()
 7 SYSTEMPATH\CodeIgniter.php(494): CodeIgniter\CodeIgniter->runController(Object(App\Controllers\ProductController))
 8 SYSTEMPATH\CodeIgniter.php(353): CodeIgniter\CodeIgniter->handleRequest(null, Object(Config\Cache), false)
 9 FCPATH\index.php(79): CodeIgniter\CodeIgniter->run()
10 SYSTEMPATH\Commands\Server\rewrite.php(47): require_once('D:\\laragon\\www\\ITC311_Test\\public\\index.php')
