ERROR - 2023-09-19 02:18:58 --> Error connecting to the database: mysqli_sql_exception: Unknown database 'db_ecommerce' in D:\laragon\www\ITC311_Test\system\Database\MySQLi\Connection.php:185
Stack trace:
#0 D:\laragon\www\ITC311_Test\system\Database\MySQLi\Connection.php(185): mysqli->real_connect('localhost', 'root', '', 'db_ecommerce', 3306, '', 0)
#1 D:\laragon\www\ITC311_Test\system\Database\BaseConnection.php(391): CodeIgniter\Database\MySQLi\Connection->connect(false)
#2 D:\laragon\www\ITC311_Test\system\Database\BaseConnection.php(574): CodeIgniter\Database\BaseConnection->initialize()
#3 D:\laragon\www\ITC311_Test\system\Database\BaseBuilder.php(1615): CodeIgniter\Database\BaseConnection->query('SELECT *\nFROM `...', Array, false)
#4 D:\laragon\www\ITC311_Test\system\Model.php(237): CodeIgniter\Database\BaseBuilder->get()
#5 D:\laragon\www\ITC311_Test\system\BaseModel.php(624): CodeIgniter\Model->doFindAll(0, 0)
#6 D:\laragon\www\ITC311_Test\app\Controllers\ProductController.php(24): CodeIgniter\BaseModel->findAll()
#7 D:\laragon\www\ITC311_Test\system\CodeIgniter.php(919): App\Controllers\ProductController->product()
#8 D:\laragon\www\ITC311_Test\system\CodeIgniter.php(494): CodeIgniter\CodeIgniter->runController(Object(App\Controllers\ProductController))
#9 D:\laragon\www\ITC311_Test\system\CodeIgniter.php(353): CodeIgniter\CodeIgniter->handleRequest(NULL, Object(Config\Cache), false)
#10 D:\laragon\www\ITC311_Test\public\index.php(79): CodeIgniter\CodeIgniter->run()
#11 D:\laragon\www\ITC311_Test\system\Commands\Server\rewrite.php(47): require_once('D:\\laragon\\www\\...')
#12 {main}

Next CodeIgniter\Database\Exceptions\DatabaseException: Unknown database 'db_ecommerce' in D:\laragon\www\ITC311_Test\system\Database\MySQLi\Connection.php:229
Stack trace:
#0 D:\laragon\www\ITC311_Test\system\Database\BaseConnection.php(391): CodeIgniter\Database\MySQLi\Connection->connect(false)
#1 D:\laragon\www\ITC311_Test\system\Database\BaseConnection.php(574): CodeIgniter\Database\BaseConnection->initialize()
#2 D:\laragon\www\ITC311_Test\system\Database\BaseBuilder.php(1615): CodeIgniter\Database\BaseConnection->query('SELECT *\nFROM `...', Array, false)
#3 D:\laragon\www\ITC311_Test\system\Model.php(237): CodeIgniter\Database\BaseBuilder->get()
#4 D:\laragon\www\ITC311_Test\system\BaseModel.php(624): CodeIgniter\Model->doFindAll(0, 0)
#5 D:\laragon\www\ITC311_Test\app\Controllers\ProductController.php(24): CodeIgniter\BaseModel->findAll()
#6 D:\laragon\www\ITC311_Test\system\CodeIgniter.php(919): App\Controllers\ProductController->product()
#7 D:\laragon\www\ITC311_Test\system\CodeIgniter.php(494): CodeIgniter\CodeIgniter->runController(Object(App\Controllers\ProductController))
#8 D:\laragon\www\ITC311_Test\system\CodeIgniter.php(353): CodeIgniter\CodeIgniter->handleRequest(NULL, Object(Config\Cache), false)
#9 D:\laragon\www\ITC311_Test\public\index.php(79): CodeIgniter\CodeIgniter->run()
#10 D:\laragon\www\ITC311_Test\system\Commands\Server\rewrite.php(47): require_once('D:\\laragon\\www\\...')
#11 {main}
CRITICAL - 2023-09-19 02:18:58 --> Unable to connect to the database.
Main connection [MySQLi]: Unknown database 'db_ecommerce'
in SYSTEMPATH\Database\BaseConnection.php on line 427.
 1 SYSTEMPATH\Database\BaseConnection.php(574): CodeIgniter\Database\BaseConnection->initialize()
 2 SYSTEMPATH\Database\BaseBuilder.php(1615): CodeIgniter\Database\BaseConnection->query('SELECT *
FROM `tbl_products`', [], false)
 3 SYSTEMPATH\Model.php(237): CodeIgniter\Database\BaseBuilder->get()
 4 SYSTEMPATH\BaseModel.php(624): CodeIgniter\Model->doFindAll(0, 0)
 5 APPPATH\Controllers\ProductController.php(24): CodeIgniter\BaseModel->findAll()
 6 SYSTEMPATH\CodeIgniter.php(919): App\Controllers\ProductController->product()
 7 SYSTEMPATH\CodeIgniter.php(494): CodeIgniter\CodeIgniter->runController(Object(App\Controllers\ProductController))
 8 SYSTEMPATH\CodeIgniter.php(353): CodeIgniter\CodeIgniter->handleRequest(null, Object(Config\Cache), false)
 9 FCPATH\index.php(79): CodeIgniter\CodeIgniter->run()
10 SYSTEMPATH\Commands\Server\rewrite.php(47): require_once('D:\\laragon\\www\\ITC311_Test\\public\\index.php')
